<?xml version="1.0" encoding="UTF-8"?>
<testsuites name="MyTestSuite" time="49.162" tests="1" failures="0" errors="0">
   <testsuite name="MyTestSuite" tests="1" failures="0" errors="0" time="49.162" skipped="0" timestamp="2023-01-17 23:00:10" hostname="MallikGalibShahriar - MallikGalibShahriar" id="Test Suites/MyTestSuite">
      <properties>
         <property name="deviceName" value=""/>
         <property name="devicePlatform" value=""/>
         <property name="logFolder" value="C:\\Users\\USER\\Katalon Studio\\Sample - Web API Tests\\Reports\\20230117_225956\\MyTestSuite\\20230117_225957"/>
         <property name="logFiles" value="C:\\Users\\USER\\Katalon Studio\\Sample - Web API Tests\\Reports\\20230117_225956\\MyTestSuite\\20230117_225957\\execution0.log"/>
         <property name="attachments" value=""/>
         <property name="hostName" value="MallikGalibShahriar - MallikGalibShahriar"/>
         <property name="hostAddress" value="192.168.0.107"/>
         <property name="desiredCapabilities" value="{}"/>
         <property name="os" value="Windows 10 64bit"/>
         <property name="katalonVersion" value="8.5.5.208"/>
      </properties>
      <testcase name="Test Cases/Automation Test Cases" time="26.31" classname="Test Cases/Automation Test Cases" status="PASSED">
         <system-out><![CDATA[2023-01-17 23:00:33 - [TEST_CASE][PASSED] - Test Cases/Automation Test Cases: Test Cases/Automation Test Cases

2023-01-17 23:00:33 - [TEST_STEP][PASSED] - startApplicationWithTitle("C:\Windows\System32\notepad.exe", "Notepad"): The application at location: C:\Windows\System32\notepad.exe started.

2023-01-17 23:00:33 - [MESSAGE][INFO] - Starting application C:\Windows\System32\notepad.exe on the local machine at address http://127.0.0.1:4723

2023-01-17 23:00:34 - [MESSAGE][PASSED] - The application at location: C:\Windows\System32\notepad.exe started.

2023-01-17 23:00:34 - [TEST_STEP][PASSED] - click(findWindowsObject("Object Repository/NotepadObjects/Edit")): Click on element: Object Repository/NotepadObjects/Edit succesfully

2023-01-17 23:00:34 - [MESSAGE][INFO] - Clicking on element: Object Repository/NotepadObjects/Edit

2023-01-17 23:00:34 - [MESSAGE][PASSED] - Click on element: Object Repository/NotepadObjects/Edit succesfully

2023-01-17 23:00:34 - [TEST_STEP][PASSED] - switchToWindowTitle("Notepad"): Switch to window 'Notepad' successfully

2023-01-17 23:00:34 - [MESSAGE][INFO] - Start finding a window that matches with title 'Notepad' in 120,000 millisecond(s)

2023-01-17 23:00:48 - [MESSAGE][PASSED] - Switch to window 'Notepad' successfully

2023-01-17 23:00:48 - [TEST_STEP][PASSED] - switchToDesktop(): null

2023-01-17 23:00:48 - [TEST_STEP][PASSED] - switchToApplication(): null

2023-01-17 23:00:48 - [TEST_STEP][PASSED] - setText(findWindowsObject("Object Repository/NotepadObjects/Edit"), "Automation Testing using Katalon Studio"): Text Automation Testing using Katalon Studio is set

2023-01-17 23:00:51 - [MESSAGE][PASSED] - Text Automation Testing using Katalon Studio is set

2023-01-17 23:00:51 - [TEST_STEP][PASSED] - closeApplication(): Fire Close event sucessfully.

2023-01-17 23:00:56 - [MESSAGE][PASSED] - Fire Close event sucessfully.

2023-01-17 23:00:56 - [TEST_STEP][PASSED] - closeApplication(): Fire Close event sucessfully.

2023-01-17 23:01:00 - [MESSAGE][PASSED] - Fire Close event sucessfully.]]></system-out>
         <system-err><![CDATA[]]></system-err>
      </testcase>
      <system-out><![CDATA[2023-01-17 23:00:10 - [TEST_SUITE][FAILED] - MyTestSuite: Test Cases/Automation Test Cases FAILED.
Reason:
com.kms.katalon.core.exception.StepFailedException: Currently selected window has been closed (WARNING: The server did not provide any stacktrace information)
Command duration or timeout: 0 milliseconds
Build info: version: '3.141.59', revision: 'e82be7d358', time: '2018-11-14T08:25:53'
System info: host: 'MALLIKGALIBSHAH', ip: '192.168.0.107', os.name: 'Windows 10', os.arch: 'amd64', os.version: '10.0', java.version: '1.8.0_282'
Driver info: io.appium.java_client.windows.WindowsDriver
Capabilities {appTopLevelWindow: c10aa, javascriptEnabled: true, platform: WINDOWS, platformName: WINDOWS}
Session ID: F319DC6F-BC81-436B-9700-9BF7F31A3B69 (Root cause: org.openqa.selenium.NoSuchWindowException: Currently selected window has been closed (WARNING: The server did not provide any stacktrace information)
Command duration or timeout: 0 milliseconds
Build info: version: '3.141.59', revision: 'e82be7d358', time: '2018-11-14T08:25:53'
System info: host: 'MALLIKGALIBSHAH', ip: '192.168.0.107', os.name: 'Windows 10', os.arch: 'amd64', os.version: '10.0', java.version: '1.8.0_282'
Driver info: io.appium.java_client.windows.WindowsDriver
Capabilities {appTopLevelWindow: c10aa, javascriptEnabled: true, platform: WINDOWS, platformName: WINDOWS}
Session ID: F319DC6F-BC81-436B-9700-9BF7F31A3B69
	at org.openqa.selenium.remote.ErrorHandler.createThrowable(ErrorHandler.java:214)
	at org.openqa.selenium.remote.ErrorHandler.throwIfResponseFailed(ErrorHandler.java:166)
	at org.openqa.selenium.remote.http.JsonHttpResponseCodec.reconstructValue(JsonHttpResponseCodec.java:40)
	at org.openqa.selenium.remote.http.AbstractHttpResponseCodec.decode(AbstractHttpResponseCodec.java:80)
	at org.openqa.selenium.remote.http.AbstractHttpResponseCodec.decode(AbstractHttpResponseCodec.java:44)
	at org.openqa.selenium.remote.HttpCommandExecutor.execute(HttpCommandExecutor.java:158)
	at io.appium.java_client.remote.AppiumCommandExecutor.execute(AppiumCommandExecutor.java:239)
	at org.openqa.selenium.remote.RemoteWebDriver.execute(RemoteWebDriver.java:552)
	at io.appium.java_client.DefaultGenericMobileDriver.execute(DefaultGenericMobileDriver.java:46)
	at io.appium.java_client.AppiumDriver.execute(AppiumDriver.java:1)
	at io.appium.java_client.windows.WindowsDriver.execute(WindowsDriver.java:1)
	at io.appium.java_client.InteractsWithApps.closeApp(InteractsWithApps.java:139)
	at com.kms.katalon.core.windows.keyword.helper.WindowsActionHelper.closeApp(WindowsActionHelper.java:341)
	at com.kms.katalon.core.windows.keyword.helper.WindowsActionHelper$closeApp$7.call(Unknown Source)
	at com.kms.katalon.core.windows.keyword.builtin.CloseApplicationKeyword$_closeApplication_closure1.doCall(CloseApplicationKeyword.groovy:39)
	at com.kms.katalon.core.windows.keyword.builtin.CloseApplicationKeyword$_closeApplication_closure1.doCall(CloseApplicationKeyword.groovy)
	at com.kms.katalon.core.keyword.internal.KeywordMain.runKeyword(KeywordMain.groovy:89)
	at com.kms.katalon.core.keyword.internal.KeywordMain$runKeyword.call(Unknown Source)
	at com.kms.katalon.core.windows.keyword.builtin.CloseApplicationKeyword.closeApplication(CloseApplicationKeyword.groovy:33)
	at com.kms.katalon.core.windows.keyword.builtin.CloseApplicationKeyword.execute(CloseApplicationKeyword.groovy:29)
	at com.kms.katalon.core.keyword.internal.KeywordExecutor.executeKeywordForPlatform(KeywordExecutor.groovy:74)
	at com.kms.katalon.core.windows.keyword.WindowsBuiltinKeywords.closeApplication(WindowsBuiltinKeywords.java:564)
	at com.kms.katalon.core.windows.keyword.WindowsBuiltinKeywords$closeApplication$5.call(Unknown Source)
	at Automation Test Cases.run(Automation Test Cases:34)
	at com.kms.katalon.core.main.ScriptEngine.run(ScriptEngine.java:194)
	at com.kms.katalon.core.main.ScriptEngine.runScriptAsRawText(ScriptEngine.java:119)
	at com.kms.katalon.core.main.TestCaseExecutor.runScript(TestCaseExecutor.java:448)
	at com.kms.katalon.core.main.TestCaseExecutor.doExecute(TestCaseExecutor.java:439)
	at com.kms.katalon.core.main.TestCaseExecutor.processExecutionPhase(TestCaseExecutor.java:418)
	at com.kms.katalon.core.main.TestCaseExecutor.accessMainPhase(TestCaseExecutor.java:410)
	at com.kms.katalon.core.main.TestCaseExecutor.execute(TestCaseExecutor.java:285)
	at com.kms.katalon.core.common.CommonExecutor.accessTestCaseMainPhase(CommonExecutor.java:65)
	at com.kms.katalon.core.main.TestSuiteExecutor.accessTestSuiteMainPhase(TestSuiteExecutor.java:151)
	at com.kms.katalon.core.main.TestSuiteExecutor.execute(TestSuiteExecutor.java:106)
	at com.kms.katalon.core.main.TestCaseMain.startTestSuite(TestCaseMain.java:185)
	at com.kms.katalon.core.main.TestCaseMain$startTestSuite$0.call(Unknown Source)
	at TempTestSuite1673974797993.run(TempTestSuite1673974797993.groovy:36)
)
	at com.kms.katalon.core.keyword.internal.KeywordMain.stepFailed(KeywordMain.groovy:50)
	at com.kms.katalon.core.keyword.internal.KeywordMain.stepFailed(KeywordMain.groovy)
	at com.kms.katalon.core.keyword.internal.KeywordMain.runKeyword(KeywordMain.groovy:91)
	at com.kms.katalon.core.keyword.internal.KeywordMain$runKeyword.call(Unknown Source)
	at com.kms.katalon.core.windows.keyword.builtin.CloseApplicationKeyword.closeApplication(CloseApplicationKeyword.groovy:33)
	at com.kms.katalon.core.windows.keyword.builtin.CloseApplicationKeyword.execute(CloseApplicationKeyword.groovy:29)
	at com.kms.katalon.core.keyword.internal.KeywordExecutor.executeKeywordForPlatform(KeywordExecutor.groovy:74)
	at com.kms.katalon.core.windows.keyword.WindowsBuiltinKeywords.closeApplication(WindowsBuiltinKeywords.java:564)
	at com.kms.katalon.core.windows.keyword.WindowsBuiltinKeywords$closeApplication$5.call(Unknown Source)
	at Automation Test Cases.run(Automation Test Cases:34)
	at com.kms.katalon.core.main.ScriptEngine.run(ScriptEngine.java:194)
	at com.kms.katalon.core.main.ScriptEngine.runScriptAsRawText(ScriptEngine.java:119)
	at com.kms.katalon.core.main.TestCaseExecutor.runScript(TestCaseExecutor.java:448)
	at com.kms.katalon.core.main.TestCaseExecutor.doExecute(TestCaseExecutor.java:439)
	at com.kms.katalon.core.main.TestCaseExecutor.processExecutionPhase(TestCaseExecutor.java:418)
	at com.kms.katalon.core.main.TestCaseExecutor.accessMainPhase(TestCaseExecutor.java:410)
	at com.kms.katalon.core.main.TestCaseExecutor.execute(TestCaseExecutor.java:285)
	at com.kms.katalon.core.common.CommonExecutor.accessTestCaseMainPhase(CommonExecutor.java:65)
	at com.kms.katalon.core.main.TestSuiteExecutor.accessTestSuiteMainPhase(TestSuiteExecutor.java:151)
	at com.kms.katalon.core.main.TestSuiteExecutor.execute(TestSuiteExecutor.java:106)
	at com.kms.katalon.core.main.TestCaseMain.startTestSuite(TestCaseMain.java:185)
	at com.kms.katalon.core.main.TestCaseMain$startTestSuite$0.call(Unknown Source)
	at TempTestSuite1673974797993.run(TempTestSuite1673974797993.groovy:36)
Caused by: org.openqa.selenium.NoSuchWindowException: Currently selected window has been closed (WARNING: The server did not provide any stacktrace information)
Command duration or timeout: 0 milliseconds
Build info: version: '3.141.59', revision: 'e82be7d358', time: '2018-11-14T08:25:53'
System info: host: 'MALLIKGALIBSHAH', ip: '192.168.0.107', os.name: 'Windows 10', os.arch: 'amd64', os.version: '10.0', java.version: '1.8.0_282'
Driver info: io.appium.java_client.windows.WindowsDriver
Capabilities {appTopLevelWindow: c10aa, javascriptEnabled: true, platform: WINDOWS, platformName: WINDOWS}
Session ID: F319DC6F-BC81-436B-9700-9BF7F31A3B69
	at org.openqa.selenium.remote.ErrorHandler.createThrowable(ErrorHandler.java:214)
	at org.openqa.selenium.remote.ErrorHandler.throwIfResponseFailed(ErrorHandler.java:166)
	at org.openqa.selenium.remote.http.JsonHttpResponseCodec.reconstructValue(JsonHttpResponseCodec.java:40)
	at org.openqa.selenium.remote.http.AbstractHttpResponseCodec.decode(AbstractHttpResponseCodec.java:80)
	at org.openqa.selenium.remote.http.AbstractHttpResponseCodec.decode(AbstractHttpResponseCodec.java:44)
	at org.openqa.selenium.remote.HttpCommandExecutor.execute(HttpCommandExecutor.java:158)
	at io.appium.java_client.remote.AppiumCommandExecutor.execute(AppiumCommandExecutor.java:239)
	at org.openqa.selenium.remote.RemoteWebDriver.execute(RemoteWebDriver.java:552)
	at io.appium.java_client.DefaultGenericMobileDriver.execute(DefaultGenericMobileDriver.java:46)
	at io.appium.java_client.AppiumDriver.execute(AppiumDriver.java:1)
	at io.appium.java_client.windows.WindowsDriver.execute(WindowsDriver.java:1)
	at io.appium.java_client.InteractsWithApps.closeApp(InteractsWithApps.java:139)
	at com.kms.katalon.core.windows.keyword.helper.WindowsActionHelper.closeApp(WindowsActionHelper.java:341)
	at com.kms.katalon.core.windows.keyword.helper.WindowsActionHelper$closeApp$7.call(Unknown Source)
	at com.kms.katalon.core.windows.keyword.builtin.CloseApplicationKeyword$_closeApplication_closure1.doCall(CloseApplicationKeyword.groovy:39)
	at com.kms.katalon.core.windows.keyword.builtin.CloseApplicationKeyword$_closeApplication_closure1.doCall(CloseApplicationKeyword.groovy)
	at com.kms.katalon.core.keyword.internal.KeywordMain.runKeyword(KeywordMain.groovy:89)
	... 20 more]]></system-out>
      <system-err><![CDATA[2023-01-17 23:00:10 - [TEST_SUITE][FAILED] - MyTestSuite: Test Cases/Automation Test Cases FAILED.
Reason:
com.kms.katalon.core.exception.StepFailedException: Currently selected window has been closed (WARNING: The server did not provide any stacktrace information)
Command duration or timeout: 0 milliseconds
Build info: version: '3.141.59', revision: 'e82be7d358', time: '2018-11-14T08:25:53'
System info: host: 'MALLIKGALIBSHAH', ip: '192.168.0.107', os.name: 'Windows 10', os.arch: 'amd64', os.version: '10.0', java.version: '1.8.0_282'
Driver info: io.appium.java_client.windows.WindowsDriver
Capabilities {appTopLevelWindow: c10aa, javascriptEnabled: true, platform: WINDOWS, platformName: WINDOWS}
Session ID: F319DC6F-BC81-436B-9700-9BF7F31A3B69 (Root cause: org.openqa.selenium.NoSuchWindowException: Currently selected window has been closed (WARNING: The server did not provide any stacktrace information)
Command duration or timeout: 0 milliseconds
Build info: version: '3.141.59', revision: 'e82be7d358', time: '2018-11-14T08:25:53'
System info: host: 'MALLIKGALIBSHAH', ip: '192.168.0.107', os.name: 'Windows 10', os.arch: 'amd64', os.version: '10.0', java.version: '1.8.0_282'
Driver info: io.appium.java_client.windows.WindowsDriver
Capabilities {appTopLevelWindow: c10aa, javascriptEnabled: true, platform: WINDOWS, platformName: WINDOWS}
Session ID: F319DC6F-BC81-436B-9700-9BF7F31A3B69
	at org.openqa.selenium.remote.ErrorHandler.createThrowable(ErrorHandler.java:214)
	at org.openqa.selenium.remote.ErrorHandler.throwIfResponseFailed(ErrorHandler.java:166)
	at org.openqa.selenium.remote.http.JsonHttpResponseCodec.reconstructValue(JsonHttpResponseCodec.java:40)
	at org.openqa.selenium.remote.http.AbstractHttpResponseCodec.decode(AbstractHttpResponseCodec.java:80)
	at org.openqa.selenium.remote.http.AbstractHttpResponseCodec.decode(AbstractHttpResponseCodec.java:44)
	at org.openqa.selenium.remote.HttpCommandExecutor.execute(HttpCommandExecutor.java:158)
	at io.appium.java_client.remote.AppiumCommandExecutor.execute(AppiumCommandExecutor.java:239)
	at org.openqa.selenium.remote.RemoteWebDriver.execute(RemoteWebDriver.java:552)
	at io.appium.java_client.DefaultGenericMobileDriver.execute(DefaultGenericMobileDriver.java:46)
	at io.appium.java_client.AppiumDriver.execute(AppiumDriver.java:1)
	at io.appium.java_client.windows.WindowsDriver.execute(WindowsDriver.java:1)
	at io.appium.java_client.InteractsWithApps.closeApp(InteractsWithApps.java:139)
	at com.kms.katalon.core.windows.keyword.helper.WindowsActionHelper.closeApp(WindowsActionHelper.java:341)
	at com.kms.katalon.core.windows.keyword.helper.WindowsActionHelper$closeApp$7.call(Unknown Source)
	at com.kms.katalon.core.windows.keyword.builtin.CloseApplicationKeyword$_closeApplication_closure1.doCall(CloseApplicationKeyword.groovy:39)
	at com.kms.katalon.core.windows.keyword.builtin.CloseApplicationKeyword$_closeApplication_closure1.doCall(CloseApplicationKeyword.groovy)
	at com.kms.katalon.core.keyword.internal.KeywordMain.runKeyword(KeywordMain.groovy:89)
	at com.kms.katalon.core.keyword.internal.KeywordMain$runKeyword.call(Unknown Source)
	at com.kms.katalon.core.windows.keyword.builtin.CloseApplicationKeyword.closeApplication(CloseApplicationKeyword.groovy:33)
	at com.kms.katalon.core.windows.keyword.builtin.CloseApplicationKeyword.execute(CloseApplicationKeyword.groovy:29)
	at com.kms.katalon.core.keyword.internal.KeywordExecutor.executeKeywordForPlatform(KeywordExecutor.groovy:74)
	at com.kms.katalon.core.windows.keyword.WindowsBuiltinKeywords.closeApplication(WindowsBuiltinKeywords.java:564)
	at com.kms.katalon.core.windows.keyword.WindowsBuiltinKeywords$closeApplication$5.call(Unknown Source)
	at Automation Test Cases.run(Automation Test Cases:34)
	at com.kms.katalon.core.main.ScriptEngine.run(ScriptEngine.java:194)
	at com.kms.katalon.core.main.ScriptEngine.runScriptAsRawText(ScriptEngine.java:119)
	at com.kms.katalon.core.main.TestCaseExecutor.runScript(TestCaseExecutor.java:448)
	at com.kms.katalon.core.main.TestCaseExecutor.doExecute(TestCaseExecutor.java:439)
	at com.kms.katalon.core.main.TestCaseExecutor.processExecutionPhase(TestCaseExecutor.java:418)
	at com.kms.katalon.core.main.TestCaseExecutor.accessMainPhase(TestCaseExecutor.java:410)
	at com.kms.katalon.core.main.TestCaseExecutor.execute(TestCaseExecutor.java:285)
	at com.kms.katalon.core.common.CommonExecutor.accessTestCaseMainPhase(CommonExecutor.java:65)
	at com.kms.katalon.core.main.TestSuiteExecutor.accessTestSuiteMainPhase(TestSuiteExecutor.java:151)
	at com.kms.katalon.core.main.TestSuiteExecutor.execute(TestSuiteExecutor.java:106)
	at com.kms.katalon.core.main.TestCaseMain.startTestSuite(TestCaseMain.java:185)
	at com.kms.katalon.core.main.TestCaseMain$startTestSuite$0.call(Unknown Source)
	at TempTestSuite1673974797993.run(TempTestSuite1673974797993.groovy:36)
)
	at com.kms.katalon.core.keyword.internal.KeywordMain.stepFailed(KeywordMain.groovy:50)
	at com.kms.katalon.core.keyword.internal.KeywordMain.stepFailed(KeywordMain.groovy)
	at com.kms.katalon.core.keyword.internal.KeywordMain.runKeyword(KeywordMain.groovy:91)
	at com.kms.katalon.core.keyword.internal.KeywordMain$runKeyword.call(Unknown Source)
	at com.kms.katalon.core.windows.keyword.builtin.CloseApplicationKeyword.closeApplication(CloseApplicationKeyword.groovy:33)
	at com.kms.katalon.core.windows.keyword.builtin.CloseApplicationKeyword.execute(CloseApplicationKeyword.groovy:29)
	at com.kms.katalon.core.keyword.internal.KeywordExecutor.executeKeywordForPlatform(KeywordExecutor.groovy:74)
	at com.kms.katalon.core.windows.keyword.WindowsBuiltinKeywords.closeApplication(WindowsBuiltinKeywords.java:564)
	at com.kms.katalon.core.windows.keyword.WindowsBuiltinKeywords$closeApplication$5.call(Unknown Source)
	at Automation Test Cases.run(Automation Test Cases:34)
	at com.kms.katalon.core.main.ScriptEngine.run(ScriptEngine.java:194)
	at com.kms.katalon.core.main.ScriptEngine.runScriptAsRawText(ScriptEngine.java:119)
	at com.kms.katalon.core.main.TestCaseExecutor.runScript(TestCaseExecutor.java:448)
	at com.kms.katalon.core.main.TestCaseExecutor.doExecute(TestCaseExecutor.java:439)
	at com.kms.katalon.core.main.TestCaseExecutor.processExecutionPhase(TestCaseExecutor.java:418)
	at com.kms.katalon.core.main.TestCaseExecutor.accessMainPhase(TestCaseExecutor.java:410)
	at com.kms.katalon.core.main.TestCaseExecutor.execute(TestCaseExecutor.java:285)
	at com.kms.katalon.core.common.CommonExecutor.accessTestCaseMainPhase(CommonExecutor.java:65)
	at com.kms.katalon.core.main.TestSuiteExecutor.accessTestSuiteMainPhase(TestSuiteExecutor.java:151)
	at com.kms.katalon.core.main.TestSuiteExecutor.execute(TestSuiteExecutor.java:106)
	at com.kms.katalon.core.main.TestCaseMain.startTestSuite(TestCaseMain.java:185)
	at com.kms.katalon.core.main.TestCaseMain$startTestSuite$0.call(Unknown Source)
	at TempTestSuite1673974797993.run(TempTestSuite1673974797993.groovy:36)
Caused by: org.openqa.selenium.NoSuchWindowException: Currently selected window has been closed (WARNING: The server did not provide any stacktrace information)
Command duration or timeout: 0 milliseconds
Build info: version: '3.141.59', revision: 'e82be7d358', time: '2018-11-14T08:25:53'
System info: host: 'MALLIKGALIBSHAH', ip: '192.168.0.107', os.name: 'Windows 10', os.arch: 'amd64', os.version: '10.0', java.version: '1.8.0_282'
Driver info: io.appium.java_client.windows.WindowsDriver
Capabilities {appTopLevelWindow: c10aa, javascriptEnabled: true, platform: WINDOWS, platformName: WINDOWS}
Session ID: F319DC6F-BC81-436B-9700-9BF7F31A3B69
	at org.openqa.selenium.remote.ErrorHandler.createThrowable(ErrorHandler.java:214)
	at org.openqa.selenium.remote.ErrorHandler.throwIfResponseFailed(ErrorHandler.java:166)
	at org.openqa.selenium.remote.http.JsonHttpResponseCodec.reconstructValue(JsonHttpResponseCodec.java:40)
	at org.openqa.selenium.remote.http.AbstractHttpResponseCodec.decode(AbstractHttpResponseCodec.java:80)
	at org.openqa.selenium.remote.http.AbstractHttpResponseCodec.decode(AbstractHttpResponseCodec.java:44)
	at org.openqa.selenium.remote.HttpCommandExecutor.execute(HttpCommandExecutor.java:158)
	at io.appium.java_client.remote.AppiumCommandExecutor.execute(AppiumCommandExecutor.java:239)
	at org.openqa.selenium.remote.RemoteWebDriver.execute(RemoteWebDriver.java:552)
	at io.appium.java_client.DefaultGenericMobileDriver.execute(DefaultGenericMobileDriver.java:46)
	at io.appium.java_client.AppiumDriver.execute(AppiumDriver.java:1)
	at io.appium.java_client.windows.WindowsDriver.execute(WindowsDriver.java:1)
	at io.appium.java_client.InteractsWithApps.closeApp(InteractsWithApps.java:139)
	at com.kms.katalon.core.windows.keyword.helper.WindowsActionHelper.closeApp(WindowsActionHelper.java:341)
	at com.kms.katalon.core.windows.keyword.helper.WindowsActionHelper$closeApp$7.call(Unknown Source)
	at com.kms.katalon.core.windows.keyword.builtin.CloseApplicationKeyword$_closeApplication_closure1.doCall(CloseApplicationKeyword.groovy:39)
	at com.kms.katalon.core.windows.keyword.builtin.CloseApplicationKeyword$_closeApplication_closure1.doCall(CloseApplicationKeyword.groovy)
	at com.kms.katalon.core.keyword.internal.KeywordMain.runKeyword(KeywordMain.groovy:89)
	... 20 more]]></system-err>
   </testsuite>
</testsuites>
